
 ***** Bayesian Error Correction Model ***** 

 *****    Minnesota type Prior         ***** 

PRIOR hyperparameters 
tightness =     0.10 
decay     =     0.10 
Symmetric weights based on     0.50 

Dependent Variable =               il 
R-squared     =    0.3009 
Rbar-squared  =    0.2175 
sige          =   13.2352 
Nobs, Nvars   =    170,    19 
******************************************************************
Variable              Coefficient      t-statistic    t-probability 
il  lag1                 0.141901         1.350795         0.178567 
il  lag2                -0.056145        -0.548090         0.584354 
in  lag1                 0.492432         2.380887         0.018384 
in  lag2                 0.021088         0.097379         0.922541 
ky  lag1                 0.037046         0.680401         0.497182 
ky  lag2                 0.043889         0.810448         0.418822 
mi  lag1                 0.016073         0.220308         0.825897 
mi  lag2                 0.030782         0.420332         0.674777 
oh  lag1                -0.199980        -1.861507         0.064409 
oh  lag2                -0.113223        -1.120222         0.264209 
pa  lag1                 0.184306         3.500040         0.000595 
pa  lag2                 0.066351         1.172037         0.242832 
tn  lag1                 0.125117         0.593251         0.553807 
tn  lag2                -0.075882        -0.364091         0.716245 
wv  lag1                -0.034812        -1.455701         0.147330 
wv  lag2                -0.007169        -0.308654         0.757965 
ec term il              -0.110759        -0.398524         0.690747 
ec term in               0.292365         1.052666         0.293997 
constant                 3.425660         0.947375         0.344800 


Dependent Variable =               in 
R-squared     =    0.3035 
Rbar-squared  =    0.2204 
sige          =    3.6779 
Nobs, Nvars   =    170,    19 
******************************************************************
Variable              Coefficient      t-statistic    t-probability 
il  lag1                 0.132780         2.415767         0.016768 
il  lag2                -0.006730        -0.125722         0.900101 
in  lag1                 0.042233         0.383053         0.702162 
in  lag2                -0.030830        -0.266340         0.790302 
ky  lag1                 0.042466         1.479350         0.140908 
ky  lag2                 0.008587         0.300747         0.763977 
mi  lag1                 0.063056         1.640006         0.102864 
mi  lag2                 0.041718         1.080928         0.281269 
oh  lag1                -0.086248        -1.522786         0.129681 
oh  lag2                 0.020291         0.380744         0.703872 
pa  lag1                 0.093112         3.353295         0.000986 
pa  lag2                 0.048263         1.616497         0.107852 
tn  lag1                 0.031842         0.286183         0.775088 
tn  lag2                -0.110414        -1.003695         0.316961 
wv  lag1                -0.019495        -1.546433         0.123870 
wv  lag2                -0.007934        -0.647926         0.517912 
ec term il              -0.665015        -4.543926         0.000010 
ec term in               0.060321         0.411519         0.681214 
constant                 5.160986         2.707567         0.007475 


Dependent Variable =               ky 
R-squared     =    0.3018 
Rbar-squared  =    0.2185 
sige          =   32.4767 
Nobs, Nvars   =    170,    19 
******************************************************************
Variable              Coefficient      t-statistic    t-probability 
il  lag1                 0.284778         1.750810         0.081793 
il  lag2                -0.116163        -0.733178         0.464466 
in  lag1                -0.064357        -0.199160         0.842377 
in  lag2                -0.494012        -1.461243         0.145806 
ky  lag1                 0.186406         2.167971         0.031560 
ky  lag2                 0.150721         1.760386         0.080151 
mi  lag1                -0.064538        -0.564879         0.572905 
mi  lag2                 0.151704         1.322818         0.187683 
oh  lag1                -0.121977        -0.724804         0.469575 
oh  lag2                -0.100031        -0.631824         0.528356 
pa  lag1                 0.277860         3.368901         0.000935 
pa  lag2                 0.140705         1.586518         0.114491 
tn  lag1                -0.108434        -0.328090         0.743250 
tn  lag2                -0.355218        -1.087574         0.278332 
wv  lag1                -0.053010        -1.415067         0.158889 
wv  lag2                 0.002706         0.074366         0.940807 
ec term il               0.773206         1.778914         0.077051 
ec term in              -0.051181        -0.117663         0.906474 
constant                -6.604737        -1.166182         0.245184 


Dependent Variable =               mi 
R-squared     =    0.3675 
Rbar-squared  =    0.2921 
sige          =   12.2114 
Nobs, Nvars   =    170,    19 
******************************************************************
Variable              Coefficient      t-statistic    t-probability 
il  lag1                 0.125905         1.262180         0.208623 
il  lag2                 0.088634         0.912209         0.362958 
in  lag1                 0.401613         2.027023         0.044232 
in  lag2                -0.384038        -1.852802         0.065655 
ky  lag1                 0.042281         0.808522         0.419927 
ky  lag2                 0.038753         0.745054         0.457274 
mi  lag1                 0.021806         0.309063         0.757654 
mi  lag2                 0.079640         1.123366         0.262875 
oh  lag1                -0.149455        -1.448627         0.149295 
oh  lag2                -0.054552        -0.561934         0.574906 
pa  lag1                 0.169847         3.358314         0.000969 
pa  lag2                 0.139920         2.573372         0.010930 
tn  lag1                -0.315607        -1.557766         0.121159 
tn  lag2                 0.163750         0.817956         0.414534 
wv  lag1                -0.007444        -0.324024         0.746320 
wv  lag2                 0.001195         0.053543         0.957363 
ec term il              -0.520516        -1.952691         0.052508 
ec term in               1.712685         6.419219         0.000000 
constant                22.531804         6.484991         0.000000 


Dependent Variable =               oh 
R-squared     =    0.3121 
Rbar-squared  =    0.2301 
sige          =   13.4444 
Nobs, Nvars   =    170,    19 
******************************************************************
Variable              Coefficient      t-statistic    t-probability 
il  lag1                 0.207220         1.979754         0.049355 
il  lag2                 0.153169         1.502253         0.134898 
in  lag1                -0.063854        -0.307127         0.759125 
in  lag2                -0.188259        -0.865152         0.388182 
ky  lag1                 0.160776         2.929839         0.003860 
ky  lag2                -0.002553        -0.046753         0.962766 
mi  lag1                 0.093511         1.271694         0.205229 
mi  lag2                 0.066743         0.904539         0.366997 
oh  lag1                -0.069051        -0.628788         0.530337 
oh  lag2                -0.020579        -0.199123         0.842406 
pa  lag1                 0.066301         1.248086         0.213726 
pa  lag2                 0.062275         1.090186         0.277183 
tn  lag1                 0.277579         1.305010         0.193663 
tn  lag2                 0.132998         0.632704         0.527782 
wv  lag1                -0.038864        -1.611597         0.108916 
wv  lag2                -0.018357        -0.783771         0.434271 
ec term il              -0.332669        -1.189364         0.235965 
ec term in               0.080210         0.286459         0.774877 
constant                 2.803900         0.768948         0.442998 


Dependent Variable =               pa 
R-squared     =    0.1796 
Rbar-squared  =    0.0819 
sige          =   76.7618 
Nobs, Nvars   =    170,    19 
******************************************************************
Variable              Coefficient      t-statistic    t-probability 
il  lag1                 0.179379         0.717284         0.474189 
il  lag2                 0.074137         0.304297         0.761276 
in  lag1                 0.501400         1.008701         0.314560 
in  lag2                -0.265744        -0.511023         0.610002 
ky  lag1                 0.355220         2.708129         0.007462 
ky  lag2                -0.195069        -1.495585         0.136627 
mi  lag1                 0.204221         1.162586         0.246637 
mi  lag2                 0.173095         0.981789         0.327607 
oh  lag1                -0.034072        -0.131529         0.895513 
oh  lag2                -0.082789        -0.339538         0.734626 
pa  lag1                -0.231510        -1.792473         0.074846 
pa  lag2                 0.016696         0.119570         0.904966 
tn  lag1                 0.167324         0.329401         0.742261 
tn  lag2                 0.030349         0.060460         0.951861 
wv  lag1                 0.009197         0.158768         0.874041 
wv  lag2                -0.014786        -0.261546         0.793990 
ec term il              -0.335354        -0.501749         0.616497 
ec term in               0.931702         1.393117         0.165414 
constant                10.924508         1.254411         0.211425 


Dependent Variable =               tn 
R-squared     =    0.2648 
Rbar-squared  =    0.1772 
sige          =    2.3896 
Nobs, Nvars   =    170,    19 
******************************************************************
Variable              Coefficient      t-statistic    t-probability 
il  lag1                 0.101538         2.301493         0.022584 
il  lag2                 0.026265         0.611156         0.541917 
in  lag1                -0.011000        -0.125421         0.900340 
in  lag2                -0.163161        -1.778200         0.077169 
ky  lag1                 0.021656         0.935673         0.350777 
ky  lag2                 0.032733         1.421857         0.156911 
mi  lag1                 0.025538         0.823978         0.411113 
mi  lag2                -0.052936        -1.701449         0.090698 
oh  lag1                -0.052756        -1.155183         0.249646 
oh  lag2                -0.051376        -1.196089         0.233337 
pa  lag1                 0.090119         4.027854         0.000085 
pa  lag2                 0.039207         1.629983         0.104968 
tn  lag1                -0.094163        -1.040501         0.299593 
tn  lag2                -0.173155        -1.933885         0.054798 
wv  lag1                -0.023986        -2.360541         0.019389 
wv  lag2                 0.002570         0.260371         0.794894 
ec term il              -0.052436        -0.444676         0.657123 
ec term in              -0.128076        -1.084579         0.279653 
constant                -1.184619        -0.770295         0.442200 


Dependent Variable =               wv 
R-squared     =    0.1974 
Rbar-squared  =    0.1017 
sige          =  305.3356 
Nobs, Nvars   =    170,    19 
******************************************************************
Variable              Coefficient      t-statistic    t-probability 
il  lag1                 0.140372         0.281437         0.778720 
il  lag2                 0.217938         0.448610         0.654287 
in  lag1                 1.563922         1.578469         0.116328 
in  lag2                -1.558116        -1.503192         0.134656 
ky  lag1                 0.371695         1.421172         0.157109 
ky  lag2                 0.170610         0.655844         0.512816 
mi  lag1                 0.051583         0.147211         0.883141 
mi  lag2                 0.268961         0.764724         0.445502 
oh  lag1                -0.787816        -1.525789         0.128932 
oh  lag2                 0.444690         0.915912         0.361018 
pa  lag1                -0.583853        -2.296739         0.022861 
pa  lag2                -0.004852        -0.017730         0.985875 
tn  lag1                -0.037532        -0.037051         0.970488 
tn  lag2                 0.635488         0.634743         0.526454 
wv  lag1                -0.004578        -0.039311         0.968689 
wv  lag2                -0.113025        -0.997897         0.319756 
ec term il               2.165051         1.624515         0.106130 
ec term in               2.351987         1.763193         0.079675 
constant                 8.709780         0.501459         0.616701 



 Johansen MLE estimates 
NULL:        Trace Statistic         Crit 90%         Crit 95%         Crit 99% 
r <= 0   il          214.390          153.634          159.529          171.090 
r <= 1   in          141.482          120.367          125.619          135.982 
r <= 2   ky           90.363           91.109           95.754          104.964 
r <= 3   mi           61.555           65.820           69.819           77.820 
r <= 4   oh           37.103           44.493           47.855           54.682 
r <= 5   pa           21.070           27.067           29.796           35.463 
r <= 6   tn           10.605           13.429           15.494           19.935 
r <= 7   wv            3.192            2.705            3.841            6.635 

NULL:        Eigen Statistic         Crit 90%         Crit 95%         Crit 99% 
r <= 0   il           72.908           49.285           52.362           58.663 
r <= 1   in           51.118           43.295           46.230           52.307 
r <= 2   ky           28.808           37.279           40.076           45.866 
r <= 3   mi           24.452           31.238           33.878           39.369 
r <= 4   oh           16.034           25.124           27.586           32.717 
r <= 5   pa           10.465           18.893           21.131           25.865 
r <= 6   tn            7.413           12.297           14.264           18.520 
r <= 7   wv            3.192            2.705            3.841            6.635 


 ***** Bayesian Error Correction Model ***** 
 ***** Gibbs sampling estimates        ***** 
 *****    Minnesota type Prior         ***** 

PRIOR hyperparameters 
tightness =     0.10 
decay     =     0.10 
Symmetric weights based on     0.50 

Dependent Variable =               il 
R-squared     =    0.2626 
Rbar-squared  =    0.1747 
sige          =    6.5645 
Nobs, Nvars   =    170,     8 
ndraws,nomit  =    400,    50 
time in secs  =    1.0320
r-value       =      4  
*******************************************************************
Variable              Coefficient      t-statistic    t-probability 
il  lag1                 0.044850         0.797051         0.426533 
il  lag2                -0.096207        -1.795136         0.074408 
in  lag1                 0.543249         4.609464         0.000008 
in  lag2                 0.090689         0.793023         0.428870 
ky  lag1                 0.050897         1.719539         0.087336 
ky  lag2                 0.036516         1.133596         0.258560 
mi  lag1                 0.161155         3.375842         0.000912 
mi  lag2                 0.059680         1.928936         0.055405 
oh  lag1                -0.163635        -2.562735         0.011252 
oh  lag2                -0.057178        -0.997404         0.319986 
pa  lag1                 0.121188         3.804801         0.000198 
pa  lag2                 0.005134         0.149097         0.881654 
tn  lag1                 0.010593         0.097636         0.922336 
tn  lag2                -0.014493        -0.133780         0.893735 
wv  lag1                -0.022768        -1.746758         0.082485 
wv  lag2                 0.007808         0.572224         0.567926 
ec term il              -0.138679        -0.880347         0.379914 
ec term in               0.346337         2.246720         0.025945 
constant                 4.499449         2.441828         0.015638 


Dependent Variable =               in 
R-squared     =    0.2747 
Rbar-squared  =    0.1883 
sige          =    1.7104 
Nobs, Nvars   =    170,     8 
ndraws,nomit  =    400,    50 
time in secs  =    1.0010
r-value       =      4  
*******************************************************************
Variable              Coefficient      t-statistic    t-probability 
il  lag1                 0.057871         1.622993         0.106444 
il  lag2                -0.033961        -0.929245         0.354080 
in  lag1                 0.095847         1.156219         0.249214 
in  lag2                -0.021124        -0.304536         0.761092 
ky  lag1                 0.044007         2.049265         0.041973 
ky  lag2                 0.014886         0.722861         0.470758 
mi  lag1                 0.115271         3.968192         0.000107 
mi  lag2                 0.045411         1.753659         0.081291 
oh  lag1                -0.038866        -0.932738         0.352278 
oh  lag2                 0.034254         0.902024         0.368320 
pa  lag1                 0.071725         3.216795         0.001552 
pa  lag2                 0.029394         1.405858         0.161591 
tn  lag1                 0.004540         0.063359         0.949555 
tn  lag2                -0.122350        -1.620442         0.106991 
wv  lag1                -0.014549        -1.366184         0.173686 
wv  lag2                 0.000650         0.078564         0.937472 
ec term il              -0.601553        -6.209387         0.000000 
ec term in               0.080260         0.826968         0.409415 
constant                 5.136808         4.479571         0.000014 


Dependent Variable =               ky 
R-squared     =    0.2192 
Rbar-squared  =    0.1261 
sige          =   14.8618 
Nobs, Nvars   =    170,     8 
ndraws,nomit  =    400,    50 
time in secs  =    1.0820
r-value       =      4  
*******************************************************************
Variable              Coefficient      t-statistic    t-probability 
il  lag1                 0.188670         2.760008         0.006414 
il  lag2                -0.118787        -1.618329         0.107446 
in  lag1                 0.100398         0.749709         0.454466 
in  lag2                 0.060502         0.454299         0.650193 
ky  lag1                 0.212677         4.873465         0.000002 
ky  lag2                 0.068881         1.499796         0.135522 
mi  lag1                -0.080942        -1.640947         0.102657 
mi  lag2                 0.056750         1.210507         0.227765 
oh  lag1                 0.069518         1.100207         0.272797 
oh  lag2                 0.022517         0.334257         0.738597 
pa  lag1                 0.142976         3.059322         0.002578 
pa  lag2                 0.002275         0.045244         0.963966 
tn  lag1                -0.114525        -0.741680         0.459305 
tn  lag2                -0.381273        -2.155728         0.032511 
wv  lag1                -0.069909        -3.901539         0.000137 
wv  lag2                -0.003398        -0.191799         0.848129 
ec term il               0.222220         0.949917         0.343503 
ec term in              -0.046981        -0.248206         0.804274 
constant                -2.499307        -1.103620         0.271318 


Dependent Variable =               mi 
R-squared     =    0.3132 
Rbar-squared  =    0.2313 
sige          =    4.7633 
Nobs, Nvars   =    170,     8 
ndraws,nomit  =    400,    50 
time in secs  =    1.0510
r-value       =      4  
*******************************************************************
Variable              Coefficient      t-statistic    t-probability 
il  lag1                 0.020798         0.468703         0.639882 
il  lag2                 0.071987         1.537995         0.125909 
in  lag1                 0.330109         2.807770         0.005572 
in  lag2                -0.036347        -0.363351         0.716794 
ky  lag1                 0.006404         0.255445         0.798688 
ky  lag2                 0.038564         1.760044         0.080199 
mi  lag1                 0.108030         2.725988         0.007083 
mi  lag2                 0.059738         1.526461         0.128753 
oh  lag1                -0.083624        -1.652055         0.100369 
oh  lag2                -0.108599        -1.939999         0.054035 
pa  lag1                 0.137709         4.955135         0.000002 
pa  lag2                 0.116360         4.313968         0.000027 
tn  lag1                -0.138580        -1.473799         0.142385 
tn  lag2                 0.054847         0.568437         0.570488 
wv  lag1                -0.006516        -0.575683         0.565590 
wv  lag2                 0.005167         0.420775         0.674451 
ec term il              -0.384220        -2.712052         0.007374 
ec term in               1.280490         9.317790         0.000000 
constant                16.897045         9.267175         0.000000 


Dependent Variable =               oh 
R-squared     =    0.2258 
Rbar-squared  =    0.1335 
sige          =    4.5583 
Nobs, Nvars   =    170,     8 
ndraws,nomit  =    400,    50 
time in secs  =    1.0420
r-value       =      4  
*******************************************************************
Variable              Coefficient      t-statistic    t-probability 
il  lag1                 0.200008         3.854780         0.000164 
il  lag2                 0.023695         0.458824         0.646947 
in  lag1                -0.181557        -1.789436         0.075325 
in  lag2                -0.011187        -0.118300         0.905970 
ky  lag1                 0.094744         3.554959         0.000490 
ky  lag2                -0.009939        -0.316843         0.751751 
mi  lag1                 0.069033         2.090570         0.038054 
mi  lag2                 0.028054         1.003675         0.316962 
oh  lag1                 0.129936         2.412132         0.016924 
oh  lag2                -0.083845        -1.543612         0.124542 
pa  lag1                 0.092513         3.545423         0.000506 
pa  lag2                 0.061234         2.317451         0.021671 
tn  lag1                 0.296353         3.206575         0.001605 
tn  lag2                 0.042261         0.484218         0.628854 
wv  lag1                -0.015247        -1.049483         0.295445 
wv  lag2                 0.006047         0.474952         0.635431 
ec term il              -0.442988        -3.088507         0.002350 
ec term in              -0.083158        -0.739502         0.460622 
constant                 1.913096         1.164112         0.246010 


Dependent Variable =               pa 
R-squared     =    0.0167 
Rbar-squared  =   -0.1005 
sige          =   16.0264 
Nobs, Nvars   =    170,     8 
ndraws,nomit  =    400,    50 
time in secs  =    1.0610
r-value       =      4  
*******************************************************************
Variable              Coefficient      t-statistic    t-probability 
il  lag1                 0.137229         1.947059         0.053176 
il  lag2                 0.045140         0.705502         0.481463 
in  lag1                -0.000401        -0.002302         0.998166 
in  lag2                 0.113318         0.790600         0.430279 
ky  lag1                 0.264557         6.192168         0.000000 
ky  lag2                -0.252773        -5.343316         0.000000 
mi  lag1                 0.132114         2.410180         0.017011 
mi  lag2                 0.120995         2.665651         0.008425 
oh  lag1                 0.085446         1.054493         0.293153 
oh  lag2                -0.135679        -1.589385         0.113831 
pa  lag1                 0.194160         3.648234         0.000351 
pa  lag2                 0.025153         0.598819         0.550091 
tn  lag1                 0.029644         0.227878         0.820015 
tn  lag2                -0.142998        -0.995067         0.321118 
wv  lag1                -0.027858        -1.114022         0.266843 
wv  lag2                 0.015865         0.893025         0.373106 
ec term il              -1.388444        -6.839402         0.000000 
ec term in              -0.041715        -0.218295         0.827461 
constant                 8.284991         3.492354         0.000610 


Dependent Variable =               tn 
R-squared     =    0.2092 
Rbar-squared  =    0.1149 
sige          =    1.2962 
Nobs, Nvars   =    170,     8 
ndraws,nomit  =    400,    50 
time in secs  =    1.0820
r-value       =      4  
*******************************************************************
Variable              Coefficient      t-statistic    t-probability 
il  lag1                 0.032163         0.854466         0.394050 
il  lag2                 0.008581         0.243908         0.807596 
in  lag1                 0.054547         0.666180         0.506199 
in  lag2                -0.029969        -0.394228         0.693907 
ky  lag1                 0.031420         1.676290         0.095519 
ky  lag2                 0.003186         0.150972         0.880177 
mi  lag1                 0.052354         1.986346         0.048602 
mi  lag2                -0.042958        -1.652815         0.100214 
oh  lag1                -0.021818        -0.531449         0.595801 
oh  lag2                -0.043739        -1.128330         0.260770 
pa  lag1                 0.043111         2.171206         0.031302 
pa  lag2                 0.001467         0.069497         0.944676 
tn  lag1                -0.082822        -1.072507         0.285013 
tn  lag2                -0.143313        -2.070658         0.039902 
wv  lag1                -0.014292        -1.515620         0.131473 
wv  lag2                 0.008907         1.120643         0.264020 
ec term il              -0.045601        -0.435373         0.663844 
ec term in               0.004697         0.046752         0.962766 
constant                 0.282285         0.234285         0.815046 


Dependent Variable =               wv 
R-squared     =   -0.0187 
Rbar-squared  =   -0.1401 
sige          =   18.2675 
Nobs, Nvars   =    170,     8 
ndraws,nomit  =    400,    50 
time in secs  =    1.1220
r-value       =      4  
*******************************************************************
Variable              Coefficient      t-statistic    t-probability 
il  lag1                 0.280355         3.801487         0.000200 
il  lag2                 0.214405         2.456629         0.015029 
in  lag1                -0.071384        -0.415758         0.678111 
in  lag2                -0.671793        -4.900215         0.000002 
ky  lag1                 0.103145         2.352685         0.019783 
ky  lag2                -0.028466        -0.675110         0.500523 
mi  lag1                -0.008521        -0.164450         0.869572 
mi  lag2                 0.082659         1.881730         0.061582 
oh  lag1                -0.297996        -2.756127         0.006487 
oh  lag2                -0.066175        -0.797600         0.426216 
pa  lag1                 0.016855         0.323639         0.746609 
pa  lag2                 0.136322         2.889186         0.004366 
tn  lag1                 0.370277         2.592576         0.010356 
tn  lag2                -0.522272        -3.317561         0.001111 
wv  lag1                 0.124422         4.841179         0.000003 
wv  lag2                 0.018602         0.797284         0.426398 
ec term il               1.453605         6.794952         0.000000 
ec term in               0.449994         2.395214         0.017698 
constant                -6.061774        -2.642656         0.008994 



 Johansen MLE estimates 
NULL:        Trace Statistic         Crit 90%         Crit 95%         Crit 99% 
r <= 0   il          214.390          153.634          159.529          171.090 
r <= 1   in          141.482          120.367          125.619          135.982 
r <= 2   ky           90.363           91.109           95.754          104.964 
r <= 3   mi           61.555           65.820           69.819           77.820 
r <= 4   oh           37.103           44.493           47.855           54.682 
r <= 5   pa           21.070           27.067           29.796           35.463 
r <= 6   tn           10.605           13.429           15.494           19.935 
r <= 7   wv            3.192            2.705            3.841            6.635 

NULL:        Eigen Statistic         Crit 90%         Crit 95%         Crit 99% 
r <= 0   il           72.908           49.285           52.362           58.663 
r <= 1   in           51.118           43.295           46.230           52.307 
r <= 2   ky           28.808           37.279           40.076           45.866 
r <= 3   mi           24.452           31.238           33.878           39.369 
r <= 4   oh           16.034           25.124           27.586           32.717 
r <= 5   pa           10.465           18.893           21.131           25.865 
r <= 6   tn            7.413           12.297           14.264           18.520 
r <= 7   wv            3.192            2.705            3.841            6.635 

