
 ***** Error Correction Model ***** 
Dependent Variable =               il 
R-squared     =    0.7300 
Rbar-squared  =    0.4794 
sige          =    9.9417 
Nobs, Nvars   =    163,    79 
******************************************************************
Variable                Coefficient      t-statistic    t-probability 
  il  lag1                 0.167881         1.290660         0.200363 
  il  lag2                 0.071922         0.537123         0.592603 
  il  lag3                 0.281739         2.004568         0.048230 
  il  lag4                 0.198807         1.283953         0.202689 
  il  lag5                -0.072832        -0.485659         0.628473 
  il  lag6                -0.063709        -0.401685         0.688936 
  il  lag7                -0.017425        -0.106131         0.915732 
  il  lag8                 0.019442         0.130608         0.896398 
  il  lag9                -0.108613        -0.748530         0.456231 
  in  lag1                -0.189965        -0.558818         0.577772 
  in  lag2                -0.784731        -2.378969         0.019628 
  in  lag3                -1.182210        -3.594842         0.000547 
  in  lag4                -1.030478        -3.368070         0.001144 
  in  lag5                -0.026025        -0.085147         0.932347 
  in  lag6                -0.422460        -1.502781         0.136646 
  in  lag7                -0.079580        -0.294774         0.768894 
  in  lag8                -0.548123        -2.045427         0.043942 
  in  lag9                -0.459309        -1.715659         0.089911 
  ky  lag1                 0.059514         0.626126         0.532930 
  ky  lag2                 0.139938         1.510065         0.134779 
  ky  lag3                 0.158997         1.798749         0.075650 
  ky  lag4                 0.146454         1.662141         0.100212 
  ky  lag5                 0.068426         0.814431         0.417701 
  ky  lag6                 0.217589         2.843570         0.005601 
  ky  lag7                -0.074462        -0.962045         0.338788 
  ky  lag8                 0.163759         2.138411         0.035388 
  ky  lag9                 0.116927         1.590822         0.115406 
  mi  lag1                -0.192710        -1.628893         0.107081 
  mi  lag2                -0.140468        -1.231541         0.221557 
  mi  lag3                -0.013194        -0.110532         0.912251 
  mi  lag4                -0.066856        -0.572501         0.568512 
  mi  lag5                 0.005943         0.051323         0.959190 
  mi  lag6                -0.099615        -0.989338         0.325339 
  mi  lag7                -0.078239        -0.776938         0.439378 
  mi  lag8                -0.292361        -2.925430         0.004422 
  mi  lag9                -0.002117        -0.020536         0.983665 
  oh  lag1                -0.179868        -1.171281         0.244798 
  oh  lag2                -0.143033        -0.869907         0.386830 
  oh  lag3                -0.229533        -1.490002         0.139969 
  oh  lag4                 0.094571         0.574768         0.566984 
  oh  lag5                -0.096734        -0.540992         0.589945 
  oh  lag6                 0.128183         0.776960         0.439365 
  oh  lag7                -0.416526        -2.839136         0.005672 
  oh  lag8                -0.066824        -0.476596         0.634887 
  oh  lag9                 0.028746         0.203954         0.838882 
  pa  lag1                -0.282347        -2.141994         0.035089 
  pa  lag2                -0.299531        -2.418983         0.017723 
  pa  lag3                -0.199029        -2.069042         0.041616 
  pa  lag4                -0.319658        -3.199781         0.001941 
  pa  lag5                -0.387299        -3.562565         0.000608 
  pa  lag6                -0.109746        -1.048262         0.297525 
  pa  lag7                -0.202950        -2.248211         0.027182 
  pa  lag8                -0.088559        -1.004012         0.318256 
  pa  lag9                -0.131333        -1.559827         0.122561 
  tn  lag1                 0.543074         1.693286         0.094107 
  tn  lag2                 0.496684         1.530546         0.129639 
  tn  lag3                 0.332172         1.026143         0.307770 
  tn  lag4                 0.307391         0.923249         0.358522 
  tn  lag5                -0.046848        -0.143483         0.886252 
  tn  lag6                 0.019243         0.060085         0.952231 
  tn  lag7                 0.482604         1.608930         0.111384 
  tn  lag8                 0.435507         1.577360         0.118471 
  tn  lag9                 0.388549         1.477203         0.143361 
  wv  lag1                 0.116234         2.413066         0.017994 
  wv  lag2                 0.128620         2.973410         0.003843 
  wv  lag3                 0.113502         3.181460         0.002054 
  wv  lag4                 0.080492         2.165948         0.033150 
  wv  lag5                 0.128781         3.567830         0.000598 
  wv  lag6                 0.014115         0.390784         0.696946 
  wv  lag7                 0.096969         2.835306         0.005734 
  wv  lag8                 0.028801         0.755707         0.451939 
  wv  lag9                 0.049738         1.317713         0.191182 
ec term   il               1.032105         4.179148         0.000071 
ec term   in              -0.023887        -0.096721         0.923179 
ec term   ky               0.590766         2.392101         0.018984 
ec term   mi               0.471557         1.909405         0.059624 
ec term   oh              -0.437520        -1.771584         0.080090 
ec term   pa              -0.148675        -0.602007         0.548791 
constant                 -15.996978        -1.373369         0.173292 

 ****** Granger Causality Tests *******
Variable          F-value      Probability 
  il             1.630234         0.119760 
  in             2.003833         0.048715 
  ky             1.389483         0.205932 
  mi             1.135610         0.347355 
  oh             2.069556         0.041371 
  pa             3.264494         0.001890 
  tn             0.733286         0.677297 
  wv             2.950007         0.004301 

Dependent Variable =               in 
R-squared     =    0.8184 
Rbar-squared  =    0.6497 
sige          =    1.8404 
Nobs, Nvars   =    163,    79 
******************************************************************
Variable                Coefficient      t-statistic    t-probability 
  il  lag1                 0.205305         3.668499         0.000427 
  il  lag2                 0.076055         1.320129         0.190378 
  il  lag3                 0.274915         4.546216         0.000018 
  il  lag4                 0.172135         2.583844         0.011500 
  il  lag5                 0.181319         2.810165         0.006159 
  il  lag6                 0.099955         1.464774         0.146715 
  il  lag7                 0.049806         0.705083         0.482709 
  il  lag8                 0.047035         0.734414         0.464741 
  il  lag9                -0.101965        -1.633270         0.106155 
  in  lag1                -0.073864        -0.505019         0.614868 
  in  lag2                -0.391026        -2.755187         0.007191 
  in  lag3                -0.423964        -2.996349         0.003591 
  in  lag4                -0.523340        -3.975615         0.000148 
  in  lag5                -0.295112        -2.244130         0.027454 
  in  lag6                -0.253875        -2.098981         0.038821 
  in  lag7                -0.054272        -0.467238         0.641539 
  in  lag8                -0.340733        -2.955275         0.004053 
  in  lag9                -0.089521        -0.777194         0.439228 
  ky  lag1                 0.024044         0.587923         0.558162 
  ky  lag2                 0.033944         0.851348         0.396996 
  ky  lag3                 0.072727         1.912305         0.059246 
  ky  lag4                 0.006022         0.158837         0.874179 
  ky  lag5                 0.004674         0.129293         0.897435 
  ky  lag6                 0.113767         3.455590         0.000863 
  ky  lag7                -0.042615        -1.279670         0.204185 
  ky  lag8                 0.061190         1.857132         0.066797 
  ky  lag9                 0.005230         0.165392         0.869033 
  mi  lag1                -0.000171        -0.003352         0.997334 
  mi  lag2                -0.015798        -0.321922         0.748311 
  mi  lag3                 0.101434         1.975037         0.051548 
  mi  lag4                -0.068604        -1.365419         0.175767 
  mi  lag5                 0.000869         0.017438         0.986129 
  mi  lag6                -0.004749        -0.109622         0.912970 
  mi  lag7                 0.049441         1.141119         0.257063 
  mi  lag8                -0.094575        -2.199504         0.030590 
  mi  lag9                -0.020294        -0.457639         0.648393 
  oh  lag1                -0.159212        -2.409693         0.018150 
  oh  lag2                -0.003942        -0.055728         0.955691 
  oh  lag3                -0.204929        -3.091880         0.002699 
  oh  lag4                -0.056401        -0.796713         0.427864 
  oh  lag5                -0.060124        -0.781510         0.436700 
  oh  lag6                 0.067367         0.949060         0.345313 
  oh  lag7                -0.184808        -2.927814         0.004392 
  oh  lag8                 0.051123         0.847452         0.399152 
  oh  lag9                -0.013601        -0.224286         0.823079 
  pa  lag1                -0.072948        -1.286261         0.201886 
  pa  lag2                -0.116255        -2.182127         0.031893 
  pa  lag3                -0.044211        -1.068228         0.288478 
  pa  lag4                -0.042468        -0.988045         0.325968 
  pa  lag5                -0.155303        -3.320287         0.001332 
  pa  lag6                -0.033965        -0.754035         0.452937 
  pa  lag7                -0.148517        -3.823857         0.000251 
  pa  lag8                -0.071910        -1.894832         0.061555 
  pa  lag9                -0.126742        -3.498643         0.000751 
  tn  lag1                 0.181167         1.312889         0.192796 
  tn  lag2                 0.045840         0.328317         0.743489 
  tn  lag3                -0.155398        -1.115757         0.267708 
  tn  lag4                 0.186220         1.299970         0.197167 
  tn  lag5                -0.094894        -0.675500         0.501213 
  tn  lag6                -0.013027        -0.094544         0.924903 
  tn  lag7                 0.058375         0.452329         0.652198 
  tn  lag8                 0.189223         1.592901         0.114939 
  tn  lag9                 0.222196         1.963397         0.052909 
  wv  lag1                 0.047003         2.267997         0.025895 
  wv  lag2                 0.059111         3.176110         0.002088 
  wv  lag3                 0.056584         3.686322         0.000402 
  wv  lag4                 0.016770         1.048819         0.297270 
  wv  lag5                 0.066120         4.257572         0.000054 
  wv  lag6                 0.001502         0.096629         0.923251 
  wv  lag7                 0.072993         4.960492         0.000004 
  wv  lag8                 0.018362         1.119816         0.265984 
  wv  lag9                 0.043998         2.709184         0.008173 
ec term   il               0.277792         2.614338         0.010594 
ec term   in               0.204213         1.921877         0.058012 
ec term   ky               0.311548         2.932020         0.004338 
ec term   mi               0.061780         0.581416         0.562517 
ec term   oh               0.001655         0.015576         0.987610 
ec term   pa              -0.202487        -1.905629         0.060119 
constant                   6.135547         1.224280         0.224269 

 ****** Granger Causality Tests *******
Variable          F-value      Probability 
  il             4.080859         0.000226 
  in             3.423536         0.001247 
  ky             3.236188         0.002035 
  mi             1.395444         0.203283 
  oh             2.778256         0.006733 
  pa             2.549675         0.012184 
  tn             1.592461         0.130699 
  wv             3.038825         0.003410 

Dependent Variable =               ky 
R-squared     =    0.7796 
Rbar-squared  =    0.5750 
sige          =   18.3098 
Nobs, Nvars   =    163,    79 
******************************************************************
Variable                Coefficient      t-statistic    t-probability 
  il  lag1                 0.222311         1.259385         0.211380 
  il  lag2                -0.250812        -1.380215         0.171183 
  il  lag3                 0.161161         0.844931         0.400549 
  il  lag4                 0.426261         2.028532         0.045674 
  il  lag5                 0.101591         0.499174         0.618962 
  il  lag6                 0.240713         1.118343         0.266609 
  il  lag7                 0.090934         0.408127         0.684219 
  il  lag8                -0.195172        -0.966150         0.336743 
  il  lag9                 0.078992         0.401141         0.689335 
  in  lag1                 0.114213         0.247571         0.805071 
  in  lag2                -0.146712        -0.327734         0.743928 
  in  lag3                -0.205076        -0.459503         0.647060 
  in  lag4                -0.638342        -1.537389         0.127956 
  in  lag5                -0.038956        -0.093916         0.925399 
  in  lag6                -0.380950        -0.998543         0.320884 
  in  lag7                -0.317537        -0.866696         0.388578 
  in  lag8                -0.036389        -0.100061         0.920535 
  in  lag9                -0.209956        -0.577887         0.564886 
  ky  lag1                 0.194903         1.510933         0.134558 
  ky  lag2                 0.250066         1.988393         0.050024 
  ky  lag3                 0.181413         1.512299         0.134211 
  ky  lag4                -0.011971        -0.100115         0.920491 
  ky  lag5                -0.100589        -0.882217         0.380177 
  ky  lag6                 0.286017         2.754266         0.007210 
  ky  lag7                 0.077791         0.740593         0.461005 
  ky  lag8                 0.050121         0.482276         0.630864 
  ky  lag9                 0.108546         1.088202         0.279618 
  mi  lag1                -0.187485        -1.167730         0.246220 
  mi  lag2                 0.077879         0.503130         0.616190 
  mi  lag3                 0.208675         1.288169         0.201224 
  mi  lag4                -0.081851        -0.516473         0.606881 
  mi  lag5                -0.132558        -0.843524         0.401331 
  mi  lag6                -0.061544        -0.450394         0.653587 
  mi  lag7                -0.063219        -0.462594         0.644851 
  mi  lag8                -0.143178        -1.055685         0.294139 
  mi  lag9                -0.191773        -1.371056         0.174009 
  oh  lag1                -0.156842        -0.752586         0.453803 
  oh  lag2                -0.071024        -0.318294         0.751052 
  oh  lag3                -0.138774        -0.663799         0.508637 
  oh  lag4                 0.024961         0.111787         0.911259 
  oh  lag5                 0.284997         1.174459         0.243530 
  oh  lag6                 0.021461         0.095855         0.923864 
  oh  lag7                -0.048130        -0.241740         0.809571 
  oh  lag8                 0.368515         1.936711         0.056143 
  oh  lag9                 0.021543         0.112629         0.910593 
  pa  lag1                -0.023857        -0.133366         0.894223 
  pa  lag2                -0.129944        -0.773276         0.441530 
  pa  lag3                -0.235649        -1.805125         0.074638 
  pa  lag4                -0.160188        -1.181548         0.240719 
  pa  lag5                -0.258198        -1.750078         0.083757 
  pa  lag6                -0.038114        -0.268259         0.789158 
  pa  lag7                -0.333008        -2.718258         0.007970 
  pa  lag8                -0.114143        -0.953548         0.343048 
  pa  lag9                 0.035441         0.310167         0.757202 
  tn  lag1                 0.236694         0.543809         0.588013 
  tn  lag2                -0.292863        -0.664997         0.507874 
  tn  lag3                -0.596036        -1.356769         0.178490 
  tn  lag4                -0.284799        -0.630309         0.530203 
  tn  lag5                -0.268735        -0.606483         0.545830 
  tn  lag6                 0.061968         0.142577         0.886966 
  tn  lag7                -0.819274        -2.012630         0.047357 
  tn  lag8                -0.178294        -0.475841         0.635423 
  tn  lag9                 0.163315         0.457519         0.648479 
  wv  lag1                 0.040834         0.624659         0.533888 
  wv  lag2                 0.097898         1.667666         0.099106 
  wv  lag3                 0.169732         3.505694         0.000733 
  wv  lag4                 0.083443         1.654540         0.101750 
  wv  lag5                 0.094772         1.934725         0.056390 
  wv  lag6                 0.052852         1.078221         0.284022 
  wv  lag7                 0.153118         3.298989         0.001425 
  wv  lag8                 0.009848         0.190412         0.849446 
  wv  lag9                 0.008757         0.170950         0.864674 
ec term   il               1.193451         3.560873         0.000612 
ec term   in               0.526967         1.572299         0.119640 
ec term   ky              -0.790225        -2.357778         0.020709 
ec term   mi               0.208547         0.622237         0.535472 
ec term   oh              -0.071864        -0.214418         0.830741 
ec term   pa              -0.731702        -2.183164         0.031814 
constant                  17.453844         1.104151         0.272681 

 ****** Granger Causality Tests *******
Variable          F-value      Probability 
  il             1.392368         0.204646 
  in             0.447164         0.905221 
  ky             1.724794         0.095912 
  mi             1.057430         0.402640 
  oh             0.808691         0.609469 
  pa             3.150990         0.002543 
  tn             1.065781         0.396476 
  wv             2.643498         0.009557 

Dependent Variable =               mi 
R-squared     =    0.6820 
Rbar-squared  =    0.3868 
sige          =   11.9808 
Nobs, Nvars   =    163,    79 
******************************************************************
Variable                Coefficient      t-statistic    t-probability 
  il  lag1                 0.066852         0.468178         0.640870 
  il  lag2                 0.001575         0.010717         0.991474 
  il  lag3                 0.060990         0.395294         0.693628 
  il  lag4                -0.005106        -0.030041         0.976105 
  il  lag5                 0.099617         0.605106         0.546740 
  il  lag6                 0.097741         0.561372         0.576039 
  il  lag7                -0.094588        -0.524814         0.601095 
  il  lag8                -0.206249        -1.262169         0.210381 
  il  lag9                -0.041484        -0.260435         0.795166 
  in  lag1                 0.185689         0.497589         0.620074 
  in  lag2                -0.685656        -1.893485         0.061736 
  in  lag3                -0.229897        -0.636804         0.525984 
  in  lag4                -0.576854        -1.717497         0.089573 
  in  lag5                 0.349136         1.040557         0.301067 
  in  lag6                -0.526233        -1.705203         0.091852 
  in  lag7                 0.131172         0.442602         0.659191 
  in  lag8                 0.202268         0.687575         0.493614 
  in  lag9                 0.134310         0.457006         0.648846 
  ky  lag1                 0.104773         1.004103         0.318213 
  ky  lag2                 0.092159         0.905908         0.367576 
  ky  lag3                 0.132593         1.366432         0.175450 
  ky  lag4                 0.102453         1.059198         0.292546 
  ky  lag5                -0.039196        -0.424981         0.671937 
  ky  lag6                 0.142664         1.698358         0.093142 
  ky  lag7                -0.049384        -0.581214         0.562653 
  ky  lag8                 0.130075         1.547278         0.125556 
  ky  lag9                -0.099300        -1.230678         0.221878 
  mi  lag1                 0.027750         0.213666         0.831325 
  mi  lag2                -0.068160        -0.544366         0.587632 
  mi  lag3                 0.146339         1.116768         0.267278 
  mi  lag4                -0.287015        -2.238869         0.027808 
  mi  lag5                 0.113639         0.893958         0.373899 
  mi  lag6                -0.018213        -0.164771         0.869520 
  mi  lag7                 0.046552         0.421108         0.674752 
  mi  lag8                -0.160674        -1.464543         0.146778 
  mi  lag9                -0.003450        -0.030488         0.975750 
  oh  lag1                -0.089212        -0.529197         0.598065 
  oh  lag2                -0.146083        -0.809327         0.420614 
  oh  lag3                 0.090447         0.534840         0.594173 
  oh  lag4                 0.009374         0.051897         0.958734 
  oh  lag5                -0.180634        -0.920232         0.360087 
  oh  lag6                -0.031254        -0.172569         0.863405 
  oh  lag7                -0.024430        -0.151687         0.879797 
  oh  lag8                -0.083415        -0.541943         0.589292 
  oh  lag9                 0.287028         1.855098         0.067090 
  pa  lag1                -0.108867        -0.752350         0.453944 
  pa  lag2                -0.055238        -0.406366         0.685507 
  pa  lag3                -0.228443        -2.163310         0.033358 
  pa  lag4                -0.078392        -0.714814         0.476706 
  pa  lag5                -0.278129        -2.330505         0.022177 
  pa  lag6                -0.262658        -2.285398         0.024809 
  pa  lag7                -0.122179        -1.232916         0.221047 
  pa  lag8                -0.127044        -1.312041         0.193080 
  pa  lag9                -0.240806        -2.605297         0.010856 
  tn  lag1                 0.099401         0.282325         0.778389 
  tn  lag2                 0.567900         1.594138         0.114661 
  tn  lag3                -0.021186        -0.059618         0.952601 
  tn  lag4                 0.606022         1.658073         0.101033 
  tn  lag5                 0.016755         0.046744         0.962828 
  tn  lag6                 0.676401         1.923911         0.057752 
  tn  lag7                 0.528567         1.605220         0.112199 
  tn  lag8                 0.558073         1.841258         0.069114 
  tn  lag9                 0.359667         1.245609         0.216371 
  wv  lag1                 0.041428         0.783468         0.435556 
  wv  lag2                 0.048209         1.015212         0.312920 
  wv  lag3                 0.057166         1.459656         0.148115 
  wv  lag4                 0.009564         0.234427         0.815224 
  wv  lag5                 0.079254         2.000137         0.048716 
  wv  lag6                 0.123587         3.116844         0.002502 
  wv  lag7                 0.008550         0.227736         0.820405 
  wv  lag8                 0.032614         0.779562         0.437840 
  wv  lag9                 0.042057         1.014970         0.313035 
ec term   il               0.497713         1.835822         0.069922 
ec term   in               0.443267         1.634997         0.105792 
ec term   ky              -0.286970        -1.058495         0.292864 
ec term   mi               0.227826         0.840338         0.403104 
ec term   oh              -0.490534        -1.809341         0.073975 
ec term   pa               0.317798         1.172201         0.244430 
constant                   9.874044         0.772204         0.442161 

 ****** Granger Causality Tests *******
Variable          F-value      Probability 
  il             0.536145         0.844272 
  in             1.751442         0.090024 
  ky             1.003103         0.444182 
  mi             3.161686         0.002473 
  oh             0.818621         0.600591 
  pa             1.112721         0.362973 
  tn             1.657114         0.112486 
  wv             1.094670         0.375624 

Dependent Variable =               oh 
R-squared     =    0.7715 
Rbar-squared  =    0.5592 
sige          =    8.0713 
Nobs, Nvars   =    163,    79 
******************************************************************
Variable                Coefficient      t-statistic    t-probability 
  il  lag1                 0.289167         2.467271         0.015645 
  il  lag2                 0.166218         1.377670         0.171965 
  il  lag3                 0.200777         1.585424         0.116628 
  il  lag4                 0.248356         1.780121         0.078672 
  il  lag5                 0.122795         0.908758         0.366078 
  il  lag6                 0.208752         1.460745         0.147816 
  il  lag7                 0.033456         0.226158         0.821628 
  il  lag8                -0.137518        -1.025309         0.308161 
  il  lag9                -0.205391        -1.570966         0.119950 
  in  lag1                -0.585365        -1.911088         0.059404 
  in  lag2                -1.155085        -3.886324         0.000202 
  in  lag3                -0.428169        -1.444966         0.152188 
  in  lag4                -0.607505        -2.203686         0.030283 
  in  lag5                -0.140383        -0.509748         0.611564 
  in  lag6                -0.132626        -0.523595         0.601939 
  in  lag7                -0.030416        -0.125037         0.900793 
  in  lag8                -0.205402        -0.850683         0.397364 
  in  lag9                 0.100430         0.416339         0.678224 
  ky  lag1                 0.303507         3.543774         0.000647 
  ky  lag2                 0.271405         3.250383         0.001659 
  ky  lag3                 0.305514         3.835924         0.000241 
  ky  lag4                 0.074496         0.938337         0.350762 
  ky  lag5                 0.056862         0.751130         0.454674 
  ky  lag6                 0.172285         2.498795         0.014409 
  ky  lag7                 0.076710         1.099942         0.274500 
  ky  lag8                 0.228017         3.304531         0.001400 
  ky  lag9                 0.035667         0.538560         0.591615 
  mi  lag1                -0.021820        -0.204696         0.838305 
  mi  lag2                -0.029409        -0.286158         0.775462 
  mi  lag3                 0.109397         1.017130         0.312012 
  mi  lag4                -0.056616        -0.538061         0.591958 
  mi  lag5                 0.001828         0.017519         0.986064 
  mi  lag6                -0.110804        -1.221336         0.225376 
  mi  lag7                -0.000650        -0.007165         0.994300 
  mi  lag8                -0.097420        -1.081866         0.282408 
  mi  lag9                -0.027974        -0.301224         0.763988 
  oh  lag1                -0.227538        -1.644437         0.103824 
  oh  lag2                -0.094499        -0.637858         0.525301 
  oh  lag3                -0.502217        -3.618174         0.000506 
  oh  lag4                -0.093323        -0.629479         0.530744 
  oh  lag5                -0.175864        -1.091548         0.278153 
  oh  lag6                -0.137494        -0.924930         0.357652 
  oh  lag7                -0.265020        -2.004844         0.048200 
  oh  lag8                -0.031804        -0.251744         0.801854 
  oh  lag9                -0.148842        -1.172029         0.244499 
  pa  lag1                -0.588472        -4.954716         0.000004 
  pa  lag2                -0.412432        -3.696587         0.000389 
  pa  lag3                -0.263166        -3.036265         0.003189 
  pa  lag4                -0.418256        -4.646585         0.000012 
  pa  lag5                -0.431914        -4.409320         0.000030 
  pa  lag6                -0.225309        -2.388462         0.019161 
  pa  lag7                -0.397389        -4.885638         0.000005 
  pa  lag8                -0.149650        -1.882948         0.063169 
  pa  lag9                -0.211869        -2.792719         0.006471 
  tn  lag1                 0.545696         1.888337         0.062433 
  tn  lag2                 0.516952         1.767966         0.080698 
  tn  lag3                 0.237283         0.813521         0.418219 
  tn  lag4                 0.521337         1.737815         0.085908 
  tn  lag5                -0.226442        -0.769700         0.443637 
  tn  lag6                 0.176470         0.611535         0.542497 
  tn  lag7                 0.172226         0.637241         0.525701 
  tn  lag8                 0.361062         1.451359         0.150404 
  tn  lag9                 0.022185         0.093606         0.925645 
  wv  lag1                 0.171621         3.954247         0.000160 
  wv  lag2                 0.112631         2.889762         0.004904 
  wv  lag3                 0.088738         2.760500         0.007085 
  wv  lag4                 0.108769         3.248311         0.001670 
  wv  lag5                 0.123949         3.811133         0.000263 
  wv  lag6                 0.042837         1.316233         0.191676 
  wv  lag7                 0.156242         5.070131         0.000002 
  wv  lag8                 0.041962         1.221985         0.225131 
  wv  lag9                 0.078087         2.295970         0.024169 
ec term   il               1.518183         6.822527         0.000000 
ec term   in               0.238117         1.070067         0.287654 
ec term   ky               0.183649         0.825298         0.411540 
ec term   mi              -0.049531        -0.222586         0.824398 
ec term   oh               0.422665         1.899406         0.060943 
ec term   pa               0.039454         0.177303         0.859697 
constant                  -2.009069        -0.191426         0.848654 

 ****** Granger Causality Tests *******
Variable          F-value      Probability 
  il             2.233667         0.027376 
  in             1.459618         0.176543 
  ky             2.114467         0.036975 
  mi             0.496012         0.873357 
  oh             3.075711         0.003097 
  pa             3.941484         0.000324 
  tn             1.265398         0.267872 
  wv             3.552428         0.000890 

Dependent Variable =               pa 
R-squared     =    0.7441 
Rbar-squared  =    0.5064 
sige          =   46.3075 
Nobs, Nvars   =    163,    79 
******************************************************************
Variable                Coefficient      t-statistic    t-probability 
  il  lag1                 0.332208         1.183380         0.239997 
  il  lag2                 0.284737         0.985277         0.327318 
  il  lag3                 0.050888         0.167763         0.867173 
  il  lag4                 0.238383         0.713343         0.477611 
  il  lag5                 0.424522         1.311638         0.193216 
  il  lag6                 0.967072         2.825205         0.005902 
  il  lag7                -0.180449        -0.509259         0.611906 
  il  lag8                -0.050889        -0.158404         0.874519 
  il  lag9                -0.711225        -2.271115         0.025698 
  in  lag1                -1.225163        -1.669918         0.098658 
  in  lag2                -2.403451        -3.376039         0.001116 
  in  lag3                -1.618290        -2.280058         0.025138 
  in  lag4                -1.884331        -2.853671         0.005441 
  in  lag5                -1.155010        -1.750950         0.083605 
  in  lag6                -0.736314        -1.213607         0.228299 
  in  lag7                -0.511873        -0.878519         0.382168 
  in  lag8                -1.394879        -2.411832         0.018051 
  in  lag9                 0.158018         0.273488         0.785150 
  ky  lag1                 0.544931         2.656354         0.009451 
  ky  lag2                 0.317024         1.585101         0.116701 
  ky  lag3                 0.377246         1.977475         0.051267 
  ky  lag4                -0.000389        -0.002047         0.998372 
  ky  lag5                 0.173697         0.957929         0.340847 
  ky  lag6                 0.404584         2.449852         0.016368 
  ky  lag7                 0.266800         1.597167         0.113984 
  ky  lag8                 0.276783         1.674674         0.097718 
  ky  lag9                 0.081256         0.512233         0.609832 
  mi  lag1                -0.168388        -0.659483         0.511390 
  mi  lag2                -0.294792        -1.197544         0.234463 
  mi  lag3                 0.458163         1.778437         0.078950 
  mi  lag4                -0.044748        -0.177546         0.859507 
  mi  lag5                 0.064679         0.258804         0.796419 
  mi  lag6                -0.243680        -1.121363         0.265329 
  mi  lag7                 0.407690         1.875851         0.064149 
  mi  lag8                -0.072177        -0.334637         0.738733 
  mi  lag9                 0.029259         0.131534         0.895667 
  oh  lag1                -0.139474        -0.420829         0.674955 
  oh  lag2                 0.279505         0.787648         0.433120 
  oh  lag3                -0.801513        -2.410771         0.018100 
  oh  lag4                 0.292510         0.823724         0.412429 
  oh  lag5                 0.017871         0.046309         0.963174 
  oh  lag6                -0.121257        -0.340547         0.734295 
  oh  lag7                -0.176303        -0.556810         0.579138 
  oh  lag8                -0.074775        -0.247104         0.805431 
  oh  lag9                -0.002259        -0.007427         0.994092 
  pa  lag1                -1.639872        -5.764347         0.000000 
  pa  lag2                -0.894659        -3.347753         0.001221 
  pa  lag3                -0.626393        -3.017199         0.003376 
  pa  lag4                -0.778890        -3.612559         0.000515 
  pa  lag5                -0.912068        -3.887304         0.000202 
  pa  lag6                -0.530720        -2.348838         0.021180 
  pa  lag7                -1.084003        -5.563951         0.000000 
  pa  lag8                -0.790574        -4.152907         0.000078 
  pa  lag9                -0.375729        -2.067669         0.041749 
  tn  lag1                 0.902983         1.304535         0.195614 
  tn  lag2                 0.971309         1.386846         0.169158 
  tn  lag3                 0.531916         0.761366         0.448571 
  tn  lag4                 0.087863         0.122275         0.902973 
  tn  lag5                -0.857218        -1.216475         0.227211 
  tn  lag6                -0.562687        -0.814074         0.417904 
  tn  lag7                -0.169133        -0.261264         0.794529 
  tn  lag8                 0.731308         1.227272         0.223149 
  tn  lag9                 0.043646         0.076885         0.938898 
  wv  lag1                 0.512045         4.925489         0.000004 
  wv  lag2                 0.224919         2.409221         0.018172 
  wv  lag3                 0.293710         3.814582         0.000260 
  wv  lag4                 0.174207         2.172036         0.032672 
  wv  lag5                 0.266678         3.423289         0.000959 
  wv  lag6                 0.107907         1.384239         0.169952 
  wv  lag7                 0.389584         5.278022         0.000001 
  wv  lag8                 0.279485         3.397944         0.001040 
  wv  lag9                 0.086559         1.062546         0.291033 
ec term   il               2.821981         5.294470         0.000001 
ec term   in               0.274335         0.514695         0.608118 
ec term   ky               0.393381         0.738042         0.462546 
ec term   mi              -1.242272        -2.330693         0.022167 
ec term   oh               0.011128         0.020878         0.983392 
ec term   pa              -0.059960        -0.112493         0.910701 
constant                 -21.402974        -0.851389         0.396974 

 ****** Granger Causality Tests *******
Variable          F-value      Probability 
  il             3.275056         0.001838 
  in             1.311686         0.243212 
  ky             0.852077         0.570902 
  mi             1.224000         0.291551 
  oh             1.332037         0.232965 
  pa             4.021726         0.000263 
  tn             1.003640         0.443759 
  wv             3.688439         0.000624 

Dependent Variable =               tn 
R-squared     =    0.7467 
Rbar-squared  =    0.5116 
sige          =    1.5773 
Nobs, Nvars   =    163,    79 
******************************************************************
Variable                Coefficient      t-statistic    t-probability 
  il  lag1                 0.086369         1.666994         0.099240 
  il  lag2                 0.079239         1.485650         0.141115 
  il  lag3                -0.007994        -0.142795         0.886794 
  il  lag4                -0.076120        -1.234201         0.220570 
  il  lag5                -0.050418        -0.844039         0.401045 
  il  lag6                -0.106693        -1.688842         0.094959 
  il  lag7                -0.087306        -1.335025         0.185475 
  il  lag8                -0.141122        -2.380131         0.019570 
  il  lag9                -0.142117        -2.458900         0.015989 
  in  lag1                -0.263686        -1.947380         0.054830 
  in  lag2                -0.561639        -4.274562         0.000050 
  in  lag3                -0.218237        -1.666022         0.099434 
  in  lag4                -0.214591        -1.760844         0.081904 
  in  lag5                 0.084939         0.697678         0.487305 
  in  lag6                 0.092682         0.827696         0.410188 
  in  lag7                 0.068718         0.639033         0.524540 
  in  lag8                 0.004082         0.038239         0.969588 
  in  lag9                 0.158136         1.482938         0.141833 
  ky  lag1                 0.067770         1.789971         0.077062 
  ky  lag2                 0.087477         2.369838         0.020088 
  ky  lag3                 0.183564         5.213581         0.000001 
  ky  lag4                 0.042087         1.199180         0.233830 
  ky  lag5                 0.029272         0.874704         0.384229 
  ky  lag6                 0.067824         2.225252         0.028744 
  ky  lag7                -0.005472        -0.177504         0.859540 
  ky  lag8                 0.064670         2.120099         0.036948 
  ky  lag9                -0.004977        -0.170009         0.865412 
  mi  lag1                -0.061960        -1.314826         0.192147 
  mi  lag2                -0.162265        -3.571604         0.000590 
  mi  lag3                -0.021910        -0.460816         0.646121 
  mi  lag4                -0.076516        -1.644959         0.103716 
  mi  lag5                -0.055703        -1.207660         0.230567 
  mi  lag6                -0.151754        -3.783790         0.000289 
  mi  lag7                -0.023272        -0.580184         0.563344 
  mi  lag8                -0.054697        -1.374036         0.173086 
  mi  lag9                -0.000163        -0.003974         0.996839 
  oh  lag1                -0.000644        -0.010523         0.991629 
  oh  lag2                -0.009693        -0.148003         0.882695 
  oh  lag3                -0.069134        -1.126669         0.263091 
  oh  lag4                 0.061656         0.940757         0.349527 
  oh  lag5                 0.040725         0.571795         0.568988 
  oh  lag6                -0.000957        -0.014559         0.988419 
  oh  lag7                -0.124008        -2.122078         0.036776 
  oh  lag8                -0.040770        -0.730014         0.467413 
  oh  lag9                -0.038318        -0.682540         0.496775 
  pa  lag1                -0.068182        -1.298591         0.197638 
  pa  lag2                -0.093269        -1.891012         0.062070 
  pa  lag3                -0.102092        -2.664484         0.009243 
  pa  lag4                -0.161543        -4.059652         0.000110 
  pa  lag5                -0.149370        -3.449419         0.000881 
  pa  lag6                -0.051421        -1.233067         0.220990 
  pa  lag7                -0.078865        -2.193315         0.031048 
  pa  lag8                -0.012150        -0.345814         0.730347 
  pa  lag9                -0.064658        -1.927920         0.057244 
  tn  lag1                -0.136795        -1.070801         0.287326 
  tn  lag2                -0.099757        -0.771747         0.442430 
  tn  lag3                -0.169422        -1.313960         0.192437 
  tn  lag4                 0.085877         0.647544         0.519046 
  tn  lag5                -0.186994        -1.437813         0.154202 
  tn  lag6                 0.135633         1.063221         0.290729 
  tn  lag7                 0.059013         0.493925         0.622648 
  tn  lag8                 0.101312         0.921216         0.359576 
  tn  lag9                -0.018219        -0.173894         0.862367 
  wv  lag1                 0.023709         1.235688         0.220019 
  wv  lag2                 0.043162         2.505006         0.014176 
  wv  lag3                 0.049404         3.476607         0.000806 
  wv  lag4                 0.044638         3.015557         0.003392 
  wv  lag5                 0.034613         2.407475         0.018254 
  wv  lag6                -0.002834        -0.196969         0.844328 
  wv  lag7                 0.047430         3.481653         0.000793 
  wv  lag8                 0.000234         0.015415         0.987738 
  wv  lag9                 0.018247         1.213652         0.228282 
ec term   il               0.307143         3.122274         0.002462 
ec term   in              -0.232218        -2.360624         0.020561 
ec term   ky               0.082790         0.841608         0.402397 
ec term   mi              -0.010601        -0.107762         0.914441 
ec term   oh               0.030085         0.305826         0.760494 
ec term   pa              -0.134313        -1.365366         0.175783 
constant                 -13.084783        -2.820217         0.005986 

 ****** Granger Causality Tests *******
Variable          F-value      Probability 
  il             2.684756         0.008586 
  in             2.511191         0.013457 
  ky             3.176761         0.002377 
  mi             1.949216         0.055745 
  oh             1.165026         0.327987 
  pa             2.251958         0.026135 
  tn             3.552694         0.000890 
  wv             2.785274         0.006611 

Dependent Variable =               wv 
R-squared     =    0.6344 
Rbar-squared  =    0.2949 
sige          =  272.9511 
Nobs, Nvars   =    163,    79 
******************************************************************
Variable                Coefficient      t-statistic    t-probability 
  il  lag1                 1.088645         1.597290         0.113956 
  il  lag2                 1.085318         1.546875         0.125653 
  il  lag3                 1.038866         1.410654         0.162039 
  il  lag4                 1.886858         2.325654         0.022448 
  il  lag5                 1.969448         2.506349         0.014127 
  il  lag6                 2.922266         3.516364         0.000708 
  il  lag7                 0.542745         0.630904         0.529816 
  il  lag8                 0.473626         0.607242         0.545328 
  il  lag9                -0.836672        -1.100450         0.274280 
  in  lag1                 0.474365         0.266316         0.790649 
  in  lag2                -4.525381        -2.618245         0.010483 
  in  lag3                -3.140181        -1.822332         0.071963 
  in  lag4                -3.235582        -2.018284         0.046753 
  in  lag5                -3.482233        -2.174347         0.032492 
  in  lag6                -2.244331        -1.523650         0.131352 
  in  lag7                -0.585243        -0.413722         0.680132 
  in  lag8                -2.851515        -2.030810         0.045437 
  in  lag9                 0.254660         0.181541         0.856381 
  ky  lag1                 0.449226         0.901970         0.369652 
  ky  lag2                 0.599551         1.234734         0.220372 
  ky  lag3                 0.382803         0.826503         0.410860 
  ky  lag4                -0.154505        -0.334654         0.738720 
  ky  lag5                 0.205411         0.466602         0.641993 
  ky  lag6                 0.528192         1.317362         0.191299 
  ky  lag7                 0.298268         0.735452         0.464113 
  ky  lag8                 0.596158         1.485712         0.141099 
  ky  lag9                -0.233095        -0.605240         0.546651 
  mi  lag1                 0.562010         0.906609         0.367207 
  mi  lag2                 0.362136         0.605941         0.546188 
  mi  lag3                 1.568592         2.507908         0.014069 
  mi  lag4                 0.286414         0.468078         0.640941 
  mi  lag5                 1.047130         1.725799         0.088060 
  mi  lag6                 0.129168         0.244830         0.807185 
  mi  lag7                 0.783891         1.485618         0.141124 
  mi  lag8                 0.229246         0.437784         0.662667 
  mi  lag9                 0.357241         0.661499         0.510103 
  oh  lag1                -1.959056        -2.434676         0.017023 
  oh  lag2                 0.703895         0.817021         0.416228 
  oh  lag3                -2.226931        -2.758894         0.007117 
  oh  lag4                -1.512576        -1.754451         0.083000 
  oh  lag5                -0.033367        -0.035613         0.971675 
  oh  lag6                -0.932848        -1.079110         0.283628 
  oh  lag7                -0.480173        -0.624639         0.533901 
  oh  lag8                 0.371304         0.505403         0.614600 
  oh  lag9                -0.314277        -0.425555         0.671521 
  pa  lag1                -2.434894        -3.525359         0.000688 
  pa  lag2                -1.167670        -1.799696         0.075499 
  pa  lag3                -0.356889        -0.708065         0.480865 
  pa  lag4                -0.486162        -0.928759         0.355675 
  pa  lag5                -0.951050        -1.669582         0.098725 
  pa  lag6                -0.171752        -0.313092         0.754987 
  pa  lag7                -1.409937        -2.980820         0.003760 
  pa  lag8                -0.901331        -1.950188         0.054489 
  pa  lag9                -0.348643        -0.790261         0.431601 
  tn  lag1                 0.328681         0.195584         0.845408 
  tn  lag2                 0.124553         0.073250         0.941781 
  tn  lag3                 0.487408         0.287359         0.774545 
  tn  lag4                 0.622772         0.356980         0.722002 
  tn  lag5                -2.243460        -1.311333         0.193319 
  tn  lag6                -0.971248        -0.578776         0.564289 
  tn  lag7                -1.627376        -1.035433         0.303438 
  tn  lag8                 1.064399         0.735746         0.463935 
  tn  lag9                 0.748703         0.543239         0.588404 
  wv  lag1                 0.845221         3.348838         0.001217 
  wv  lag2                 0.255065         1.125340         0.263650 
  wv  lag3                 0.344335         1.842012         0.069002 
  wv  lag4                 0.282165         1.449061         0.151043 
  wv  lag5                 0.411938         2.178069         0.032204 
  wv  lag6                 0.012299         0.064985         0.948341 
  wv  lag7                 0.544929         3.040834         0.003146 
  wv  lag8                 0.368052         1.843105         0.068841 
  wv  lag9                 0.136557         0.690452         0.491813 
ec term   il               5.819890         4.497449         0.000022 
ec term   in               2.680437         2.071367         0.041393 
ec term   ky               1.358524         1.049829         0.296808 
ec term   mi              -3.909639        -3.021259         0.003335 
ec term   oh               0.600948         0.464396         0.643565 
ec term   pa              -0.371394        -0.287003         0.774817 
constant                  57.638657         0.944388         0.347680 

 ****** Granger Causality Tests *******
Variable          F-value      Probability 
  il             2.552210         0.012105 
  in             1.495581         0.162922 
  ky             0.608548         0.786509 
  mi             0.789698         0.626508 
  oh             2.038942         0.044650 
  pa             2.648425         0.009435 
  tn             0.761072         0.652278 
  wv             3.672485         0.000651 


 Johansen MLE estimates 
NULL:          Trace Statistic         Crit 90%         Crit 95%         Crit 99% 
r <= 0     il          307.689          153.634          159.529          171.090 
r <= 1     in          205.384          120.367          125.619          135.982 
r <= 2     ky          129.133           91.109           95.754          104.964 
r <= 3     mi           83.310           65.820           69.819           77.820 
r <= 4     oh           52.520           44.493           47.855           54.682 
r <= 5     pa           30.200           27.067           29.796           35.463 
r <= 6     tn           13.842           13.429           15.494           19.935 
r <= 7     wv            0.412            2.705            3.841            6.635 

NULL:          Eigen Statistic         Crit 90%         Crit 95%         Crit 99% 
r <= 0     il          102.305           49.285           52.362           58.663 
r <= 1     in           76.251           43.295           46.230           52.307 
r <= 2     ky           45.823           37.279           40.076           45.866 
r <= 3     mi           30.791           31.238           33.878           39.369 
r <= 4     oh           22.319           25.124           27.586           32.717 
r <= 5     pa           16.359           18.893           21.131           25.865 
r <= 6     tn           13.430           12.297           14.264           18.520 
r <= 7     wv            0.412            2.705            3.841            6.635 

