
 ***** Bayesian Vector Autoregressive Model ***** 

 *****    Random-Walk Averaging Prior         ***** 

PRIOR hyperparameters 
sig   =     0.10 
tau   =     6.00 
theta =     0.50 
Weight matrix = 
Variable       il       in       ky       mi       oh       pa       tn       wv 
  il         0.00     0.50     0.50     0.00     0.00     0.00     0.00     0.00 
  in         0.25     0.00     0.25     0.25     0.25     0.00     0.00     0.00 
  ky         0.20     0.20     0.00     0.00     0.20     0.00     0.20     0.20 
  mi         0.00     0.50     0.00     0.00     0.50     0.00     0.00     0.00 
  oh         0.00     0.20     0.20     0.20     0.00     0.20     0.20     0.20 
  pa         0.00     0.00     0.00     0.00     0.50     0.00     0.00     0.50 
  tn         0.00     0.00     1.00     0.00     0.00     0.00     0.00     0.00 
  wv         0.00     0.00     0.33     0.00     0.33     0.33     0.00     0.00 

Dependent Variable =               il 
R-squared     =    0.8647 
Rbar-squared  =    0.8494 
sige          =    5.1808 
Nobs, Nvars   =    173,    17 
******************************************************************
Variable             Coefficient      t-statistic    t-probability 
  il  lag1              0.527254         7.178760         0.000000 
  il  lag2              0.099485         1.936682         0.054414 
  in  lag1              0.388961         3.126529         0.002075 
  in  lag2             -0.146664        -1.114660         0.266542 
  ky  lag1              0.247676         1.687081         0.093390 
  ky  lag2             -0.203314        -1.385180         0.167781 
  mi  lag1             -0.006425        -0.133670         0.893819 
  mi  lag2              0.012455         0.309072         0.757639 
  oh  lag1             -0.007314        -0.093491         0.925622 
  oh  lag2              0.002690         0.051114         0.959293 
  pa  lag1              0.094301         1.013024         0.312463 
  pa  lag2              0.016531         0.312901         0.754733 
  tn  lag1             -0.032301        -0.409336         0.682799 
  tn  lag2             -0.011278        -0.221079         0.825292 
  wv  lag1             -0.050829        -1.217766         0.224971 
  wv  lag2             -0.021645        -0.661861         0.508941 
constant               -0.718863        -1.233302         0.219136 


Dependent Variable =               in 
R-squared     =    0.7939 
Rbar-squared  =    0.7707 
sige          =    8.3107 
Nobs, Nvars   =    173,    17 
******************************************************************
Variable             Coefficient      t-statistic    t-probability 
  il  lag1              0.326014         1.591698         0.113278 
  il  lag2             -0.179266        -0.802369         0.423440 
  in  lag1              0.281483         2.460509         0.014856 
  in  lag2              0.046349         0.683394         0.495272 
  ky  lag1              0.204440         0.954408         0.341209 
  ky  lag2             -0.060034        -0.267365         0.789506 
  mi  lag1              0.023372         0.236774         0.813113 
  mi  lag2             -0.058188        -0.582453         0.561020 
  oh  lag1              0.238561         1.126787         0.261393 
  oh  lag2              0.096171         0.388969         0.697778 
  pa  lag1             -0.037290        -0.296617         0.767114 
  pa  lag2             -0.001556        -0.022653         0.981954 
  tn  lag1              0.009710         0.085038         0.932330 
  tn  lag2             -0.000460        -0.006822         0.994565 
  wv  lag1              0.016081         0.250211         0.802721 
  wv  lag2             -0.003264        -0.066238         0.947265 
constant                0.963644         1.005439         0.316090 


Dependent Variable =               ky 
R-squared     =    0.9329 
Rbar-squared  =    0.9254 
sige          =    3.6021 
Nobs, Nvars   =    173,    17 
******************************************************************
Variable             Coefficient      t-statistic    t-probability 
  il  lag1              0.222780         2.115494         0.035819 
  il  lag2             -0.100468        -0.920047         0.358829 
  in  lag1              0.113186         1.188486         0.236271 
  in  lag2             -0.155012        -1.547610         0.123544 
  ky  lag1              0.549868         9.246272         0.000000 
  ky  lag2              0.093841         2.227199         0.027224 
  mi  lag1              0.001737         0.048145         0.961656 
  mi  lag2              0.027656         0.886745         0.376447 
  oh  lag1              0.257873         2.200573         0.029091 
  oh  lag2             -0.059817        -0.448821         0.654123 
  pa  lag1              0.138466         1.823251         0.069991 
  pa  lag2              0.039438         0.879065         0.380586 
  tn  lag1              0.066534         0.738600         0.461151 
  tn  lag2             -0.070621        -0.773028         0.440561 
  wv  lag1             -0.063708        -1.768040         0.078817 
  wv  lag2              0.029349         0.902431         0.368082 
constant                0.707341         1.586299         0.114498 


Dependent Variable =               mi 
R-squared     =    0.5222 
Rbar-squared  =    0.4684 
sige          =   38.5116 
Nobs, Nvars   =    173,    17 
******************************************************************
Variable             Coefficient      t-statistic    t-probability 
  il  lag1              0.065097         0.233429         0.815705 
  il  lag2              0.015822         0.104609         0.916807 
  in  lag1              0.434538         0.813575         0.417007 
  in  lag2             -0.457123        -0.616145         0.538609 
  ky  lag1              0.062622         0.223857         0.823132 
  ky  lag2              0.014339         0.094953         0.924462 
  mi  lag1              0.300239         1.300517         0.195154 
  mi  lag2              0.066609         0.464889         0.642596 
  oh  lag1              0.394187         0.723139         0.470571 
  oh  lag2             -0.150537        -0.189558         0.849877 
  pa  lag1             -0.012786        -0.043533         0.965327 
  pa  lag2              0.005689         0.037330         0.970265 
  tn  lag1              0.029214         0.101007         0.919662 
  tn  lag2              0.009791         0.064343         0.948772 
  wv  lag1             -0.095560        -0.466285         0.641598 
  wv  lag2             -0.005198        -0.038283         0.969506 
constant                0.927266         0.241805         0.809218 


Dependent Variable =               oh 
R-squared     =    0.8516 
Rbar-squared  =    0.8349 
sige          =    5.8931 
Nobs, Nvars   =    173,    17 
******************************************************************
Variable             Coefficient      t-statistic    t-probability 
  il  lag1             -0.031379        -0.378022         0.705877 
  il  lag2             -0.018035        -0.325846         0.744934 
  in  lag1              0.245377         1.734280         0.084650 
  in  lag2              0.030863         0.195968         0.844865 
  ky  lag1              0.341527         2.014589         0.045496 
  ky  lag2             -0.384998        -2.274748         0.024149 
  mi  lag1              0.032066         0.463748         0.643412 
  mi  lag2             -0.034956        -0.503211         0.615456 
  oh  lag1              0.427041         4.852456         0.000003 
  oh  lag2              0.088431         1.554337         0.121932 
  pa  lag1              0.125771         0.784109         0.434048 
  pa  lag2              0.294797         1.359727         0.175686 
  tn  lag1              0.162278         1.175567         0.241383 
  tn  lag2             -0.000252        -0.001746         0.998609 
  wv  lag1             -0.064110        -1.023665         0.307423 
  wv  lag2             -0.118114        -1.475232         0.141968 
constant                0.289284         0.330019         0.741785 


Dependent Variable =               pa 
R-squared     =    0.4490 
Rbar-squared  =    0.3869 
sige          =   15.2402 
Nobs, Nvars   =    173,    17 
******************************************************************
Variable             Coefficient      t-statistic    t-probability 
  il  lag1              0.030403         0.194791         0.845785 
  il  lag2              0.000786         0.008479         0.993244 
  in  lag1             -0.004432        -0.026251         0.979087 
  in  lag2             -0.007714        -0.082190         0.934591 
  ky  lag1              0.073468         0.456077         0.648907 
  ky  lag2              0.007028         0.075754         0.939702 
  mi  lag1              0.014117         0.116378         0.907488 
  mi  lag2              0.003534         0.041802         0.966704 
  oh  lag1              0.390216         1.192575         0.234669 
  oh  lag2             -0.180203        -0.441895         0.659117 
  pa  lag1              0.020388         0.112110         0.910866 
  pa  lag2              0.021858         0.227323         0.820441 
  tn  lag1              0.019603         0.115395         0.908266 
  tn  lag2              0.008748         0.093214         0.925842 
  wv  lag1              0.099774         0.808365         0.419991 
  wv  lag2              0.034554         0.282732         0.777720 
constant               -3.161781        -1.869820         0.063198 


Dependent Variable =               tn 
R-squared     =    0.7339 
Rbar-squared  =    0.7039 
sige          =    7.6574 
Nobs, Nvars   =    173,    17 
******************************************************************
Variable             Coefficient      t-statistic    t-probability 
  il  lag1             -0.020233        -0.210540         0.833494 
  il  lag2             -0.007525        -0.118156         0.906081 
  in  lag1              0.033276         0.319799         0.749507 
  in  lag2              0.013284         0.207395         0.835945 
  ky  lag1              0.625508         3.168396         0.001813 
  ky  lag2             -0.450580        -2.246142         0.025960 
  mi  lag1              0.061529         0.908457         0.364901 
  mi  lag2             -0.007105        -0.132405         0.894818 
  oh  lag1              0.078767         0.769244         0.442798 
  oh  lag2              0.023567         0.363105         0.716970 
  pa  lag1              0.045226         0.382088         0.702865 
  pa  lag2              0.015028         0.229952         0.818400 
  tn  lag1              0.293275         2.785011         0.005949 
  tn  lag2              0.063450         0.991247         0.322949 
  wv  lag1              0.004657         0.081461         0.935170 
  wv  lag2              0.011296         0.262107         0.793551 
constant               -1.094199        -1.301176         0.194928 


Dependent Variable =               wv 
R-squared     =    0.3479 
Rbar-squared  =    0.2745 
sige          =  118.1390 
Nobs, Nvars   =    173,    17 
******************************************************************
Variable             Coefficient      t-statistic    t-probability 
  il  lag1             -0.004463        -0.008536         0.993199 
  il  lag2             -0.002372        -0.008810         0.992981 
  in  lag1              0.026547         0.050166         0.960048 
  in  lag2              0.004167         0.015442         0.987697 
  ky  lag1              0.316462         0.306877         0.759306 
  ky  lag2             -0.015718        -0.009041         0.992797 
  mi  lag1             -0.004329        -0.008856         0.992945 
  mi  lag2              0.000438         0.001655         0.998682 
  oh  lag1              0.301877         0.295436         0.768015 
  oh  lag2             -0.126847        -0.064832         0.948383 
  pa  lag1              0.353127         0.351195         0.725869 
  pa  lag2              0.404628         0.205040         0.837782 
  tn  lag1              0.003618         0.006799         0.994583 
  tn  lag2              0.002829         0.010471         0.991657 
  wv  lag1              0.073586         0.159264         0.873647 
  wv  lag2              0.009438         0.035712         0.971553 
constant                2.430386         0.181748         0.855993 



 ***** Bayesian Vector Autoregressive Model ***** 
 ***** Gibbs sampling estimates             ***** 
 ***** Random-Walk Averaging Prior          ***** 

PRIOR hyperparameters 
sig   =     0.10 
tau   =     6.00 
theta =     0.50 
Weight matrix = 
Variable       il       in       ky       mi       oh       pa       tn       wv 
  il         0.00     0.50     0.50     0.00     0.00     0.00     0.00     0.00 
  in         0.25     0.00     0.25     0.25     0.25     0.00     0.00     0.00 
  ky         0.20     0.20     0.00     0.00     0.20     0.00     0.20     0.20 
  mi         0.00     0.50     0.00     0.00     0.50     0.00     0.00     0.00 
  oh         0.00     0.20     0.20     0.20     0.00     0.20     0.20     0.20 
  pa         0.00     0.00     0.00     0.00     0.50     0.00     0.00     0.50 
  tn         0.00     0.00     1.00     0.00     0.00     0.00     0.00     0.00 
  wv         0.00     0.00     0.33     0.00     0.33     0.33     0.00     0.00 

Dependent Variable =               il 
R-squared     =    0.9016 
Rbar-squared  =    0.8904 
sige          =    0.0203 
Nobs, Nvars   =    159,    17 
ndraws,nomit  =    400,    50 
time in secs  =    0.9110
r-value       =     50  
*******************************************************************
Variable             Coefficient      t-statistic    t-probability 
  il  lag1              0.687400        26.864721         0.000000 
  il  lag2              0.103022         4.655792         0.000007 
  in  lag1              0.334552         8.227771         0.000000 
  in  lag2             -0.182082        -4.336721         0.000026 
  ky  lag1              0.074602         1.639500         0.103086 
  ky  lag2             -0.091922        -2.079899         0.039139 
  mi  lag1             -0.020041        -1.372117         0.171960 
  mi  lag2              0.013393         0.983427         0.326891 
  oh  lag1              0.004230         0.152999         0.878593 
  oh  lag2              0.014957         0.712955         0.476918 
  pa  lag1              0.142705         4.210436         0.000043 
  pa  lag2              0.035082         1.575015         0.117241 
  tn  lag1             -0.037802        -1.491149         0.137904 
  tn  lag2             -0.015462        -0.778224         0.437593 
  wv  lag1             -0.061749        -4.986968         0.000002 
  wv  lag2             -0.025821        -2.355732         0.019706 
constant               -0.129806        -0.774934         0.439529 


Dependent Variable =               in 
R-squared     =    0.8438 
Rbar-squared  =    0.8259 
sige          =    0.0330 
Nobs, Nvars   =    159,    17 
ndraws,nomit  =    400,    50 
time in secs  =    0.9320
r-value       =     50  
*******************************************************************
Variable             Coefficient      t-statistic    t-probability 
  il  lag1              0.269779         5.649537         0.000000 
  il  lag2             -0.213179        -4.418577         0.000018 
  in  lag1              0.575621        19.718693         0.000000 
  in  lag2              0.063728         2.966477         0.003477 
  ky  lag1              0.197839         4.338436         0.000025 
  ky  lag2             -0.098036        -2.165617         0.031831 
  mi  lag1              0.011284         0.717742         0.473970 
  mi  lag2             -0.027961        -1.794476         0.074637 
  oh  lag1              0.210306         4.522757         0.000012 
  oh  lag2             -0.012613        -0.251097         0.802063 
  pa  lag1             -0.055120        -1.489838         0.138248 
  pa  lag2              0.029794         1.313449         0.190924 
  tn  lag1              0.019724         0.735359         0.463204 
  tn  lag2             -0.006284        -0.301692         0.763281 
  wv  lag1             -0.014121        -0.970259         0.333391 
  wv  lag2             -0.010537        -0.928584         0.354512 
constant                0.465992         2.691018         0.007885 


Dependent Variable =               ky 
R-squared     =    0.9472 
Rbar-squared  =    0.9412 
sige          =    0.0160 
Nobs, Nvars   =    159,    17 
ndraws,nomit  =    400,    50 
time in secs  =    1.0410
r-value       =     50  
*******************************************************************
Variable             Coefficient      t-statistic    t-probability 
  il  lag1              0.226929         5.313499         0.000000 
  il  lag2             -0.146011        -3.405910         0.000835 
  in  lag1              0.080350         2.072029         0.039877 
  in  lag2             -0.115199        -3.192626         0.001700 
  ky  lag1              0.665494        24.673259         0.000000 
  ky  lag2              0.081652         3.716714         0.000279 
  mi  lag1             -0.015222        -1.054082         0.293444 
  mi  lag2              0.037422         2.825506         0.005326 
  oh  lag1              0.282558         6.163562         0.000000 
  oh  lag2             -0.127919        -2.445517         0.015555 
  pa  lag1              0.175036         5.073088         0.000001 
  pa  lag2              0.051547         2.330502         0.021036 
  tn  lag1              0.032000         0.887506         0.376147 
  tn  lag2             -0.077465        -2.207492         0.028712 
  wv  lag1             -0.082022        -6.013820         0.000000 
  wv  lag2              0.024548         1.978952         0.049548 
constant                0.778986         4.647489         0.000007 


Dependent Variable =               mi 
R-squared     =    0.6450 
Rbar-squared  =    0.6044 
sige          =    0.1444 
Nobs, Nvars   =    159,    17 
ndraws,nomit  =    400,    50 
time in secs  =    1.4620
r-value       =     50  
*******************************************************************
Variable             Coefficient      t-statistic    t-probability 
  il  lag1              0.140541         4.490067         0.000014 
  il  lag2             -0.001224        -0.053671         0.957265 
  in  lag1              0.323346         4.776742         0.000004 
  in  lag2             -0.402565        -5.640088         0.000000 
  ky  lag1              0.104869         3.590137         0.000440 
  ky  lag2             -0.012309        -0.519009         0.604476 
  mi  lag1              0.566670        25.910482         0.000000 
  mi  lag2              0.129319         7.250462         0.000000 
  oh  lag1              0.106118         1.685483         0.093857 
  oh  lag2             -0.051129        -0.758227         0.449437 
  pa  lag1              0.010583         0.281318         0.778832 
  pa  lag2              0.039076         1.729698         0.085625 
  tn  lag1             -0.012521        -0.416684         0.677471 
  tn  lag2              0.049649         2.332608         0.020922 
  wv  lag1             -0.141215        -7.449144         0.000000 
  wv  lag2             -0.006447        -0.458733         0.647052 
constant                0.623045         3.025937         0.002892 


Dependent Variable =               oh 
R-squared     =    0.8944 
Rbar-squared  =    0.8824 
sige          =    0.0211 
Nobs, Nvars   =    159,    17 
ndraws,nomit  =    400,    50 
time in secs  =    1.0020
r-value       =     50  
*******************************************************************
Variable             Coefficient      t-statistic    t-probability 
  il  lag1             -0.008472        -0.335337         0.737813 
  il  lag2             -0.027762        -1.426792         0.155601 
  in  lag1              0.166120         4.759815         0.000004 
  in  lag2             -0.007588        -0.191357         0.848490 
  ky  lag1              0.347726         7.063755         0.000000 
  ky  lag2             -0.408357        -8.835065         0.000000 
  mi  lag1              0.020897         1.301663         0.194914 
  mi  lag2             -0.023695        -1.555811         0.121741 
  oh  lag1              0.649803        23.212725         0.000000 
  oh  lag2              0.120487         5.276852         0.000000 
  pa  lag1              0.053781         1.165827         0.245430 
  pa  lag2              0.224033         3.924067         0.000129 
  tn  lag1              0.100984         2.766103         0.006345 
  tn  lag2             -0.016424        -0.435179         0.664022 
  wv  lag1             -0.062593        -3.521967         0.000559 
  wv  lag2             -0.085417        -4.018770         0.000090 
constant                0.159662         0.724718         0.469690 


Dependent Variable =               pa 
R-squared     =    0.5098 
Rbar-squared  =    0.4538 
sige          =    0.0473 
Nobs, Nvars   =    159,    17 
ndraws,nomit  =    400,    50 
time in secs  =    1.0310
r-value       =     50  
*******************************************************************
Variable             Coefficient      t-statistic    t-probability 
  il  lag1              0.078131         2.934074         0.003841 
  il  lag2             -0.032712        -1.538186         0.125991 
  in  lag1              0.010370         0.357029         0.721543 
  in  lag2             -0.047515        -2.417916         0.016740 
  ky  lag1              0.171996         6.558003         0.000000 
  ky  lag2             -0.068404        -3.288679         0.001239 
  mi  lag1              0.008429         0.631189         0.528823 
  mi  lag2             -0.008335        -0.647622         0.518164 
  oh  lag1              0.316044         6.345231         0.000000 
  oh  lag2             -0.224753        -4.246898         0.000037 
  pa  lag1              0.235307         6.381218         0.000000 
  pa  lag2              0.111415         4.755561         0.000004 
  tn  lag1              0.050003         1.863649         0.064215 
  tn  lag2              0.039144         1.943835         0.053681 
  wv  lag1              0.004174         0.233584         0.815608 
  wv  lag2              0.024350         1.917832         0.056925 
constant               -2.208967       -12.715762         0.000000 


Dependent Variable =               tn 
R-squared     =    0.8060 
Rbar-squared  =    0.7839 
sige          =    0.0308 
Nobs, Nvars   =    159,    17 
ndraws,nomit  =    400,    50 
time in secs  =    0.9710
r-value       =     50  
*******************************************************************
Variable             Coefficient      t-statistic    t-probability 
  il  lag1             -0.014696        -0.562320         0.574690 
  il  lag2             -0.020249        -0.913444         0.362392 
  in  lag1              0.045213         1.729455         0.085668 
  in  lag2              0.015372         0.786912         0.432505 
  ky  lag1              0.323661         7.277692         0.000000 
  ky  lag2             -0.287433        -6.710040         0.000000 
  mi  lag1              0.090168         6.547204         0.000000 
  mi  lag2             -0.048318        -3.624121         0.000390 
  oh  lag1              0.075931         2.753271         0.006587 
  oh  lag2              0.025807         1.244035         0.215318 
  pa  lag1              0.122081         3.776583         0.000224 
  pa  lag2              0.043575         2.009656         0.046159 
  tn  lag1              0.485861        17.501520         0.000000 
  tn  lag2              0.107476         5.692934         0.000000 
  wv  lag1             -0.029909        -2.263734         0.024943 
  wv  lag2              0.000073         0.006667         0.994689 
constant               -0.247052        -1.447283         0.149787 


Dependent Variable =               wv 
R-squared     =    0.4041 
Rbar-squared  =    0.3360 
sige          =    0.2856 
Nobs, Nvars   =    159,    17 
ndraws,nomit  =    400,    50 
time in secs  =    0.9620
r-value       =     50  
*******************************************************************
Variable             Coefficient      t-statistic    t-probability 
  il  lag1             -0.001466        -0.050254         0.959983 
  il  lag2             -0.068081        -2.874016         0.004608 
  in  lag1              0.307979         8.222515         0.000000 
  in  lag2             -0.025016        -1.088755         0.277910 
  ky  lag1              0.460869         7.274265         0.000000 
  ky  lag2             -0.428490        -6.925892         0.000000 
  mi  lag1              0.010745         0.547614         0.584725 
  mi  lag2              0.033919         1.822610         0.070241 
  oh  lag1             -0.000017        -0.000287         0.999772 
  oh  lag2             -0.107401        -1.588225         0.114222 
  pa  lag1             -0.085233        -1.192296         0.234921 
  pa  lag2              0.579818         8.368010         0.000000 
  tn  lag1              0.080204         2.525173         0.012543 
  tn  lag2              0.110523         4.598464         0.000009 
  wv  lag1              0.344803         8.473255         0.000000 
  wv  lag2             -0.015796        -0.651940         0.515381 
constant                0.359432         1.452551         0.148319 


